Change Component Designator: Old Designator=? New Designator=300
Change Component Designator: Old Designator=? New Designator=301
Change Component Designator: Old Designator=C? New Designator=C300
Change Component Designator: Old Designator=C? New Designator=C301
Change Component Designator: Old Designator=C? New Designator=C302
Change Component Designator: Old Designator=C? New Designator=C303
Change Component Designator: Old Designator=C? New Designator=C304
Change Component Designator: Old Designator=C? New Designator=C305
Change Component Designator: Old Designator=C? New Designator=C306
Change Component Designator: Old Designator=C? New Designator=C307
Change Component Designator: Old Designator=C? New Designator=C308
Change Component Designator: Old Designator=C? New Designator=C309
Change Component Designator: Old Designator=D? New Designator=D300
Change Component Designator: Old Designator=GND? New Designator=GND300
Change Component Designator: Old Designator=GND? New Designator=GND301
Change Component Designator: Old Designator=GND? New Designator=GND302
Change Component Designator: Old Designator=GND? New Designator=GND303
Change Component Designator: Old Designator=L? New Designator=L300
Change Component Designator: Old Designator=LED? New Designator=LED300
Change Component Designator: Old Designator=LED? New Designator=LED301
Change Component Designator: Old Designator=LED? New Designator=LED302
Change Component Designator: Old Designator=Q? New Designator=Q300
Change Component Designator: Old Designator=R? New Designator=R300
Change Component Designator: Old Designator=R? New Designator=R301
Change Component Designator: Old Designator=R? New Designator=R302
Change Component Designator: Old Designator=R? New Designator=R303
Change Component Designator: Old Designator=R? New Designator=R304
Change Component Designator: Old Designator=R? New Designator=R305
Change Component Designator: Old Designator=R? New Designator=R306
Change Component Designator: Old Designator=R? New Designator=R307
Change Component Designator: Old Designator=R? New Designator=R308
Change Component Designator: Old Designator=R? New Designator=R309
Change Component Designator: Old Designator=R? New Designator=R310
Change Component Designator: Old Designator=R? New Designator=R311
Change Component Designator: Old Designator=R? New Designator=R312
Change Component Designator: Old Designator=SW? New Designator=SW300
Change Component Designator: Old Designator=SW? New Designator=SW301
Change Component Designator: Old Designator=SW? New Designator=SW302
Change Component Designator: Old Designator=U? New Designator=U300
Change Component Designator: Old Designator=U? New Designator=U300
Change Component Designator: Old Designator=U? New Designator=U301
Change Component Designator: Old Designator=U? New Designator=U302
Change Component Designator: Old Designator=U? New Designator=U303
Change Component Designator: Old Designator=U? New Designator=U304
Change Component Designator: Old Designator=V_EN? New Designator=V_EN300
Change Component Designator: Old Designator=VBAT_A? New Designator=VBAT_A300
Change Component Designator: Old Designator=VBAT_POS? New Designator=VBAT_POS300
