Change Component Designator: Old Designator=BUZZ New Designator=BUZZ1
Change Component Designator: Old Designator=D11 New Designator=D1
Change Component Designator: Old Designator=INT_n New Designator=INT_n1
Change Component Designator: Old Designator=PROX_OUT0 New Designator=PROX_OUT1
Change Component Designator: Old Designator=PROX_OUT1 New Designator=PROX_OUT2
Change Component Designator: Old Designator=PROX_OUT2 New Designator=PROX_OUT3
Change Component Designator: Old Designator=PROX_OUT3 New Designator=PROX_OUT4
Change Component Designator: Old Designator=PUMP_PWR New Designator=PUMP_PWR1
Change Component Designator: Old Designator=PUMP_SEL New Designator=PUMP_SEL1
Change Component Designator: Old Designator=R11 New Designator=R1
Change Component Designator: Old Designator=R12 New Designator=R2
Change Component Designator: Old Designator=R13 New Designator=R3
Change Component Designator: Old Designator=R14 New Designator=R4
Change Component Designator: Old Designator=R15 New Designator=R5
Change Component Designator: Old Designator=R16 New Designator=R6
Change Component Designator: Old Designator=R17 New Designator=R7
Change Component Designator: Old Designator=R18 New Designator=R8
Change Component Designator: Old Designator=R19 New Designator=R9
Change Component Designator: Old Designator=R20 New Designator=R10
Change Component Designator: Old Designator=R21 New Designator=R11
Change Component Designator: Old Designator=R22 New Designator=R12
Change Component Designator: Old Designator=R23 New Designator=R13
Change Component Designator: Old Designator=R24 New Designator=R14
Change Component Designator: Old Designator=R25 New Designator=R15
Change Component Designator: Old Designator=R26 New Designator=R16
Change Component Designator: Old Designator=R27 New Designator=R17
Change Component Designator: Old Designator=R28 New Designator=R18
Change Component Designator: Old Designator=R29 New Designator=R19
Change Component Designator: Old Designator=SCL New Designator=SCL1
Change Component Designator: Old Designator=SDA New Designator=SDA1
