Change Component Designator: Old Designator=C400 New Designator=C7
Change Component Designator: Old Designator=C401 New Designator=C8
Change Component Designator: Old Designator=C402 New Designator=C9
Change Component Designator: Old Designator=C403 New Designator=C10
Change Component Designator: Old Designator=MD400 New Designator=MD1
Change Component Designator: Old Designator=R400 New Designator=R38
Change Component Designator: Old Designator=R401 New Designator=R39
Change Component Designator: Old Designator=R402 New Designator=R40
Change Component Designator: Old Designator=R403 New Designator=R41
Change Component Designator: Old Designator=R404 New Designator=R42
Change Component Designator: Old Designator=R405 New Designator=R43
Change Component Designator: Old Designator=R406 New Designator=R44
Change Component Designator: Old Designator=R407 New Designator=R45
Change Component Designator: Old Designator=R408 New Designator=R46
Change Component Designator: Old Designator=R409 New Designator=R47
Change Component Designator: Old Designator=R410 New Designator=R48
Change Component Designator: Old Designator=R411 New Designator=R49
Change Component Designator: Old Designator=R412 New Designator=R50
Change Component Designator: Old Designator=R413 New Designator=R51
Change Component Designator: Old Designator=R414 New Designator=R52
Change Component Designator: Old Designator=R415 New Designator=R53
Change Component Designator: Old Designator=R416 New Designator=R54
Change Component Designator: Old Designator=R417 New Designator=R55
Change Component Designator: Old Designator=R418 New Designator=R56
Change Component Designator: Old Designator=R419 New Designator=R57
Change Component Designator: Old Designator=R420 New Designator=R58
Change Component Designator: Old Designator=R421 New Designator=R59
Change Component Designator: Old Designator=R422 New Designator=R60
Change Component Designator: Old Designator=R423 New Designator=R61
Change Component Designator: Old Designator=R424 New Designator=R62
Change Component Designator: Old Designator=R425 New Designator=R63
Change Component Designator: Old Designator=R426 New Designator=R64
Change Component Designator: Old Designator=R427 New Designator=R65
Change Component Designator: Old Designator=R428 New Designator=R66
Change Component Designator: Old Designator=R429 New Designator=R67
Change Component Designator: Old Designator=R430 New Designator=R68
Change Component Designator: Old Designator=R431 New Designator=R69
Change Component Designator: Old Designator=R432 New Designator=R70
Change Component Designator: Old Designator=R433 New Designator=R71
Change Component Designator: Old Designator=TP400 New Designator=TP12
Change Component Designator: Old Designator=Y400 New Designator=Y1
