Change Component Designator: Old Designator=D? New Designator=D300
Change Component Designator: Old Designator=D? New Designator=D301
Change Component Designator: Old Designator=D? New Designator=D302
Change Component Designator: Old Designator=D? New Designator=D303
Change Component Designator: Old Designator=D? New Designator=D304
Change Component Designator: Old Designator=D? New Designator=D305
Change Component Designator: Old Designator=D? New Designator=D306
Change Component Designator: Old Designator=D? New Designator=D307
Change Component Designator: Old Designator=D? New Designator=D308
Change Component Designator: Old Designator=J? New Designator=J300
Change Component Designator: Old Designator=K? New Designator=K300
Change Component Designator: Old Designator=Q? New Designator=Q300
Change Component Designator: Old Designator=Q? New Designator=Q301
Change Component Designator: Old Designator=R303 New Designator=R309
Change Component Designator: Old Designator=R304 New Designator=R310
Change Component Designator: Old Designator=R305 New Designator=R311
Change Component Designator: Old Designator=R306 New Designator=R312
Change Component Designator: Old Designator=R309 New Designator=R314
Change Component Designator: Old Designator=R310 New Designator=R315
Change Component Designator: Old Designator=R? New Designator=R300
Change Component Designator: Old Designator=R? New Designator=R301
Change Component Designator: Old Designator=R? New Designator=R302
Change Component Designator: Old Designator=R? New Designator=R303
Change Component Designator: Old Designator=R? New Designator=R304
Change Component Designator: Old Designator=R? New Designator=R305
Change Component Designator: Old Designator=R? New Designator=R306
Change Component Designator: Old Designator=R? New Designator=R307
Change Component Designator: Old Designator=R? New Designator=R308
Change Component Designator: Old Designator=R? New Designator=R313
Change Component Designator: Old Designator=R? New Designator=R316
Change Component Designator: Old Designator=R? New Designator=R317
Change Component Designator: Old Designator=U300 New Designator=U301
Change Component Designator: Old Designator=U? New Designator=U300
