Change Component Designator: Old Designator=C? New Designator=C200
Change Component Designator: Old Designator=C? New Designator=C201
Change Component Designator: Old Designator=C? New Designator=C202
Change Component Designator: Old Designator=C? New Designator=C203
Change Component Designator: Old Designator=C? New Designator=C204
Change Component Designator: Old Designator=C? New Designator=C205
Change Component Designator: Old Designator=C? New Designator=C206
Change Component Designator: Old Designator=J200 New Designator=J201
Change Component Designator: Old Designator=J? New Designator=J200
Change Component Designator: Old Designator=J? New Designator=J202
Change Component Designator: Old Designator=P? New Designator=P200
Change Component Designator: Old Designator=Q? New Designator=Q200
Change Component Designator: Old Designator=Q? New Designator=Q201
Change Component Designator: Old Designator=R? New Designator=R200
Change Component Designator: Old Designator=R? New Designator=R201
Change Component Designator: Old Designator=R? New Designator=R202
Change Component Designator: Old Designator=R? New Designator=R203
Change Component Designator: Old Designator=TP? New Designator=TP200
Change Component Designator: Old Designator=TP? New Designator=TP201
Change Component Designator: Old Designator=TP? New Designator=TP202
Change Component Designator: Old Designator=TP? New Designator=TP203
Change Component Designator: Old Designator=TP? New Designator=TP204
