Change Component Designator: Old Designator=C300 New Designator=C303
Change Component Designator: Old Designator=C304 New Designator=C308
Change Component Designator: Old Designator=C305 New Designator=C309
Change Component Designator: Old Designator=C306 New Designator=C310
Change Component Designator: Old Designator=C? New Designator=C300
Change Component Designator: Old Designator=C? New Designator=C301
Change Component Designator: Old Designator=C? New Designator=C302
Change Component Designator: Old Designator=C? New Designator=C304
Change Component Designator: Old Designator=C? New Designator=C305
Change Component Designator: Old Designator=C? New Designator=C306
Change Component Designator: Old Designator=C? New Designator=C307
Change Component Designator: Old Designator=C? New Designator=C311
Change Component Designator: Old Designator=C? New Designator=C312
Change Component Designator: Old Designator=C? New Designator=C313
Change Component Designator: Old Designator=C? New Designator=C314
Change Component Designator: Old Designator=C? New Designator=C315
Change Component Designator: Old Designator=R303 New Designator=R308
Change Component Designator: Old Designator=R304 New Designator=R309
Change Component Designator: Old Designator=R306 New Designator=R310
Change Component Designator: Old Designator=R307 New Designator=R311
Change Component Designator: Old Designator=R309 New Designator=R312
Change Component Designator: Old Designator=R310 New Designator=R313
Change Component Designator: Old Designator=R? New Designator=R300
Change Component Designator: Old Designator=R? New Designator=R301
Change Component Designator: Old Designator=R? New Designator=R302
Change Component Designator: Old Designator=R? New Designator=R303
Change Component Designator: Old Designator=R? New Designator=R304
Change Component Designator: Old Designator=R? New Designator=R305
Change Component Designator: Old Designator=R? New Designator=R306
Change Component Designator: Old Designator=R? New Designator=R307
Change Component Designator: Old Designator=R? New Designator=R314
Change Component Designator: Old Designator=R? New Designator=R315
Change Component Designator: Old Designator=R? New Designator=R316
Change Component Designator: Old Designator=R? New Designator=R317
Change Component Designator: Old Designator=R? New Designator=R318
Change Component Designator: Old Designator=R? New Designator=R319
Change Component Designator: Old Designator=R? New Designator=R320
Change Component Designator: Old Designator=S? New Designator=S300
Change Component Designator: Old Designator=SW? New Designator=SW300
Change Component Designator: Old Designator=TP? New Designator=TP300
Change Component Designator: Old Designator=TP? New Designator=TP301
Change Component Designator: Old Designator=TP? New Designator=TP302
Change Component Designator: Old Designator=TP? New Designator=TP303
Change Component Designator: Old Designator=TP? New Designator=TP304
Change Component Designator: Old Designator=TP? New Designator=TP305
