Replace Part C300 Cap_2 in I:\ece552\staff_mezz_board\ECE453-Base\ECE453-Base\03_ICs.SchDoc with Cap_2 from ECE453.SchLib
Replace Part C301 Cap_2 in I:\ece552\staff_mezz_board\ECE453-Base\ECE453-Base\03_ICs.SchDoc with Cap_2 from ECE453.SchLib
Replace Part C302 Cap Pol3 in I:\ece552\staff_mezz_board\ECE453-Base\ECE453-Base\03_ICs.SchDoc with Cap Pol3 from ECE453.SchLib
Replace Part C303 Cap Pol3 in I:\ece552\staff_mezz_board\ECE453-Base\ECE453-Base\03_ICs.SchDoc with Cap Pol3 from ECE453.SchLib
Replace Part C304 Cap_2 in I:\ece552\staff_mezz_board\ECE453-Base\ECE453-Base\03_ICs.SchDoc with Cap_2 from ECE453.SchLib
Replace Part C305 Cap_3 in I:\ece552\staff_mezz_board\ECE453-Base\ECE453-Base\03_ICs.SchDoc with Cap_3 from ECE453.SchLib
Replace Part C306 Cap_3 in I:\ece552\staff_mezz_board\ECE453-Base\ECE453-Base\03_ICs.SchDoc with Cap_3 from ECE453.SchLib
Replace Part C308 Cap Pol3 in I:\ece552\staff_mezz_board\ECE453-Base\ECE453-Base\03_ICs.SchDoc with Cap Pol3 from ECE453.SchLib
Replace Part J302 PH1-04-UA in I:\ece552\staff_mezz_board\ECE453-Base\ECE453-Base\03_ICs.SchDoc with PH1-04-UA from PH1-04-UA.SchLib
Replace Part R300 Res3_1 in I:\ece552\staff_mezz_board\ECE453-Base\ECE453-Base\03_ICs.SchDoc with Res3_1 from ECE453.SchLib
Replace Part R301 Res3 in I:\ece552\staff_mezz_board\ECE453-Base\ECE453-Base\03_ICs.SchDoc with Res3 from ECE453.SchLib
Replace Part R302 Res3 in I:\ece552\staff_mezz_board\ECE453-Base\ECE453-Base\03_ICs.SchDoc with Res3 from ECE453.SchLib
Replace Part R303 Res3_3 in I:\ece552\staff_mezz_board\ECE453-Base\ECE453-Base\03_ICs.SchDoc with Res3_3 from ECE453.SchLib
Replace Part R304 Res3 in I:\ece552\staff_mezz_board\ECE453-Base\ECE453-Base\03_ICs.SchDoc with Res3 from ECE453.SchLib
Replace Part R305 Res3_3 in I:\ece552\staff_mezz_board\ECE453-Base\ECE453-Base\03_ICs.SchDoc with Res3_3 from ECE453.SchLib
Replace Part R306 Res3 in I:\ece552\staff_mezz_board\ECE453-Base\ECE453-Base\03_ICs.SchDoc with Res3 from ECE453.SchLib
Replace Part R307 Res3 in I:\ece552\staff_mezz_board\ECE453-Base\ECE453-Base\03_ICs.SchDoc with Res3 from ECE453.SchLib
Replace Part R308 Res3 in I:\ece552\staff_mezz_board\ECE453-Base\ECE453-Base\03_ICs.SchDoc with Res3 from ECE453.SchLib
Replace Part R309 Res3_2 in I:\ece552\staff_mezz_board\ECE453-Base\ECE453-Base\03_ICs.SchDoc with Res3_2 from ECE453.SchLib
Replace Part R310 Res3_2 in I:\ece552\staff_mezz_board\ECE453-Base\ECE453-Base\03_ICs.SchDoc with Res3_2 from ECE453.SchLib
Replace Part R? CMP-1665-00002-5 in I:\ece552\staff_mezz_board\ECE453-Base\ECE453-Base\03_ICs.SchDoc with CMP-1665-00002-5 from ECE453.SchLib
Replace Part S300 SW DIP-2 in I:\ece552\staff_mezz_board\ECE453-Base\ECE453-Base\03_ICs.SchDoc with SW DIP-2 from ECE453.SchLib
