Change Component Designator: Old Designator=C1000 New Designator=C305
Change Component Designator: Old Designator=C1100 New Designator=C306
Change Component Designator: Old Designator=C1200 New Designator=C307
Change Component Designator: Old Designator=C1300 New Designator=C300
Change Component Designator: Old Designator=C1400 New Designator=C301
Change Component Designator: Old Designator=C1500 New Designator=C303
Change Component Designator: Old Designator=C1600 New Designator=C304
Change Component Designator: Old Designator=C1700 New Designator=C302
Change Component Designator: Old Designator=C1800 New Designator=C308
Change Component Designator: Old Designator=J1000 New Designator=J300
Change Component Designator: Old Designator=J1100 New Designator=J301
Change Component Designator: Old Designator=J1200 New Designator=J302
Change Component Designator: Old Designator=P1000 New Designator=P300
Change Component Designator: Old Designator=R1000 New Designator=R303
Change Component Designator: Old Designator=R1100 New Designator=R305
Change Component Designator: Old Designator=R1200 New Designator=R308
Change Component Designator: Old Designator=R1300 New Designator=R304
Change Component Designator: Old Designator=R1400 New Designator=R306
Change Component Designator: Old Designator=R1500 New Designator=R307
Change Component Designator: Old Designator=R1700 New Designator=R302
Change Component Designator: Old Designator=R1800 New Designator=R301
Change Component Designator: Old Designator=R1900 New Designator=R310
Change Component Designator: Old Designator=R2000 New Designator=R309
Change Component Designator: Old Designator=R? New Designator=R300
Change Component Designator: Old Designator=S? New Designator=S300
Change Component Designator: Old Designator=U1000 New Designator=U300
