Add Component: Footprint Not Found FP-C0805C-DN-MFG
Add Component: Footprint Not Found CUI_PJ-102AH
Add Component: Footprint Not Found CUI_PJ-102AH
Add Component: Footprint Not Found 61300311121
Add Component: Footprint Not Found RESC2012M
Add Component: Footprint Not Found RESC2012M
Add Component: Footprint Not Found RESC2012M
Add Component: Footprint Not Found RESC2012M
Add Component: Footprint Not Found RESC2012M
Add Component: Footprint Not Found RESC2012M
Add Component: Footprint Not Found RESC2012M
Add Component: Footprint Not Found RESC2012M
Add Component: Footprint Not Found RESC2012M
Add Component: Footprint Not Found RESC3216M
Add Component: Footprint Not Found RESC3216M
Add Component: Footprint Not Found PWP0028C_L
Add Pin To Net: Unknown Pin: Pin C307-1
Add Pin To Net: Unknown Pin: Pin C307-2
Add Pin To Net: Unknown Pin: Pin J300-1
Add Pin To Net: Unknown Pin: Pin J300-2
Add Pin To Net: Unknown Pin: Pin J300-3
Add Pin To Net: Unknown Pin: Pin J301-1
Add Pin To Net: Unknown Pin: Pin J301-2
Add Pin To Net: Unknown Pin: Pin J301-3
Add Pin To Net: Unknown Pin: Pin P300-1
Add Pin To Net: Unknown Pin: Pin P300-2
Add Pin To Net: Unknown Pin: Pin P300-3
Add Pin To Net: Unknown Pin: Pin R300-1
Add Pin To Net: Unknown Pin: Pin R300-2
Add Pin To Net: Unknown Pin: Pin R301-1
Add Pin To Net: Unknown Pin: Pin R301-2
Add Pin To Net: Unknown Pin: Pin R302-1
Add Pin To Net: Unknown Pin: Pin R302-2
Add Pin To Net: Unknown Pin: Pin R303-1
Add Pin To Net: Unknown Pin: Pin R303-2
Add Pin To Net: Unknown Pin: Pin R304-1
Add Pin To Net: Unknown Pin: Pin R304-2
Add Pin To Net: Unknown Pin: Pin R305-1
Add Pin To Net: Unknown Pin: Pin R305-2
Add Pin To Net: Unknown Pin: Pin R306-1
Add Pin To Net: Unknown Pin: Pin R306-2
Add Pin To Net: Unknown Pin: Pin R307-1
Add Pin To Net: Unknown Pin: Pin R307-2
Add Pin To Net: Unknown Pin: Pin R308-1
Add Pin To Net: Unknown Pin: Pin R308-2
Add Pin To Net: Unknown Pin: Pin R309-1
Add Pin To Net: Unknown Pin: Pin R309-2
Add Pin To Net: Unknown Pin: Pin R310-1
Add Pin To Net: Unknown Pin: Pin R310-2
Add Pin To Net: Unknown Pin: Pin U300-1
Add Pin To Net: Unknown Pin: Pin U300-3
Add Pin To Net: Unknown Pin: Pin U300-4
Add Pin To Net: Unknown Pin: Pin U300-5
Add Pin To Net: Unknown Pin: Pin U300-6
Add Pin To Net: Unknown Pin: Pin U300-7
Add Pin To Net: Unknown Pin: Pin U300-8
Add Pin To Net: Unknown Pin: Pin U300-9
Add Pin To Net: Unknown Pin: Pin U300-10
Add Pin To Net: Unknown Pin: Pin U300-11
Add Pin To Net: Unknown Pin: Pin U300-12
Add Pin To Net: Unknown Pin: Pin U300-13
Add Pin To Net: Unknown Pin: Pin U300-14
Add Pin To Net: Unknown Pin: Pin U300-15
Add Pin To Net: Unknown Pin: Pin U300-16
Add Pin To Net: Unknown Pin: Pin U300-17
Add Pin To Net: Unknown Pin: Pin U300-18
Add Pin To Net: Unknown Pin: Pin U300-19
Add Pin To Net: Unknown Pin: Pin U300-20
Add Pin To Net: Unknown Pin: Pin U300-21
Add Pin To Net: Unknown Pin: Pin U300-22
Add Pin To Net: Unknown Pin: Pin U300-23
Add Pin To Net: Unknown Pin: Pin U300-24
Add Pin To Net: Unknown Pin: Pin U300-25
Add Pin To Net: Unknown Pin: Pin U300-26
Add Pin To Net: Unknown Pin: Pin U300-28
