Change Footprint: Footprint Not Found RESC2012M
Add Component: Footprint Not Found CAPC2012M
Add Component: Footprint Not Found RESC2012M
Add Component: Footprint Not Found RESC2012M
Add Component: Footprint Not Found RESC2012M
Add Component: Footprint Not Found RESC2012M
Add Component: Footprint Not Found RESC2012M
Add Component: Footprint Not Found RESC2012M
Add Component: Footprint Not Found RESC2012M
Add Component: Footprint Not Found RESC2012M
Add Pin To Net: Unknown Pin: Pin C312-1
Add Pin To Net: Unknown Pin: Pin C312-2
Add Pin To Net: Unknown Pin: Pin R306-1
Add Pin To Net: Unknown Pin: Pin R306-2
Add Pin To Net: Unknown Pin: Pin R314-1
Add Pin To Net: Unknown Pin: Pin R314-2
Add Pin To Net: Unknown Pin: Pin R315-1
Add Pin To Net: Unknown Pin: Pin R315-2
Add Pin To Net: Unknown Pin: Pin R316-1
Add Pin To Net: Unknown Pin: Pin R316-2
Add Pin To Net: Unknown Pin: Pin R317-1
Add Pin To Net: Unknown Pin: Pin R317-2
Add Pin To Net: Unknown Pin: Pin R318-1
Add Pin To Net: Unknown Pin: Pin R318-2
Add Pin To Net: Unknown Pin: Pin R319-1
Add Pin To Net: Unknown Pin: Pin R319-2
Add Pin To Net: Unknown Pin: Pin R320-1
Add Pin To Net: Unknown Pin: Pin R320-2
