Added Component: Designator=U300(POWERPAD_DDA_TEX-M)
Add component (AddParameter): Name = "Copyright"; Value = "Copyright (C) 2023 Ultra Librarian. All rights reserved."; VariantName = "[No Variations]"
Add component (AddParameter): Name = "Manufacturer_Part_Number"; Value = "DRV8251DDAR"; VariantName = "[No Variations]"
Add component (AddParameter): Name = "Mfr_Name"; Value = "Texas Instruments"; VariantName = "[No Variations]"
Add component (AddParameter): Name = "RefDes"; Value = "RefDes"; VariantName = "[No Variations]"
Add component (AddParameter): Name = "Type"; Value = "DEV"; VariantName = "[No Variations]"
Added Component: Designator=U301(POWERPAD_DDA_TEX-M)
Add component (AddParameter): Name = "Copyright"; Value = "Copyright (C) 2023 Ultra Librarian. All rights reserved."; VariantName = "[No Variations]"
Add component (AddParameter): Name = "Manufacturer_Part_Number"; Value = "DRV8251DDAR"; VariantName = "[No Variations]"
Add component (AddParameter): Name = "Mfr_Name"; Value = "Texas Instruments"; VariantName = "[No Variations]"
Add component (AddParameter): Name = "RefDes"; Value = "RefDes"; VariantName = "[No Variations]"
Add component (AddParameter): Name = "Type"; Value = "DEV"; VariantName = "[No Variations]"
Added Pin To Net: NetName=GND Pin=U300-1
Added Pin To Net: NetName=NetR300_2 Pin=U300-2
Added Pin To Net: NetName=NetR302_2 Pin=U300-3
Added Pin To Net: NetName=3.3V Pin=U300-4
Added Pin To Net: NetName=VBrush Pin=U300-5
Added Pin To Net: NetName=Out_A1 Pin=U300-6
Added Pin To Net: NetName=NetR301_2 Pin=U300-7
Added Pin To Net: NetName=Out_A2 Pin=U300-8
Added Pin To Net: NetName=GND Pin=U301-1
Added Pin To Net: NetName=NetR304_2 Pin=U301-2
Added Pin To Net: NetName=NetR306_2 Pin=U301-3
Added Pin To Net: NetName=3.3V Pin=U301-4
Added Pin To Net: NetName=VBrush Pin=U301-5
Added Pin To Net: NetName=Out_B1 Pin=U301-6
Added Pin To Net: NetName=NetR305_2 Pin=U301-7
Added Pin To Net: NetName=Out_B2 Pin=U301-8
