Change Component Designator: Old Designator=3.3V New Designator=301
Change Component Designator: Old Designator=5V New Designator=300
Change Component Designator: Old Designator=C300 New Designator=C301
Change Component Designator: Old Designator=C301 New Designator=C302
Change Component Designator: Old Designator=C302 New Designator=C303
Change Component Designator: Old Designator=C303 New Designator=C304
Change Component Designator: Old Designator=C304 New Designator=C300
Change Component Designator: Old Designator=C? New Designator=C308
Change Component Designator: Old Designator=GND0 New Designator=GND300
Change Component Designator: Old Designator=GND1 New Designator=GND301
Change Component Designator: Old Designator=GND2 New Designator=GND302
Change Component Designator: Old Designator=GND3 New Designator=GND303
Change Component Designator: Old Designator=Q? New Designator=Q300
Change Component Designator: Old Designator=SW300 New Designator=SW301
Change Component Designator: Old Designator=SW? New Designator=SW300
Change Component Designator: Old Designator=U301 New Designator=U304
Change Component Designator: Old Designator=U302 New Designator=U301
Change Component Designator: Old Designator=U303 New Designator=U302
Change Component Designator: Old Designator=U304 New Designator=U303
Change Component Designator: Old Designator=VBAT_POS New Designator=VBAT_POS300
