Change Component Designator: Old Designator=3.3V New Designator=302
Change Component Designator: Old Designator=5.0V New Designator=300
Change Component Designator: Old Designator=? New Designator=301
Change Component Designator: Old Designator=LED301 New Designator=LED302
Change Component Designator: Old Designator=LED? New Designator=LED301
Change Component Designator: Old Designator=R301 New Designator=R302
Change Component Designator: Old Designator=R302 New Designator=R303
Change Component Designator: Old Designator=R303 New Designator=R304
Change Component Designator: Old Designator=R304 New Designator=R308
Change Component Designator: Old Designator=R305 New Designator=R310
Change Component Designator: Old Designator=R306 New Designator=R312
Change Component Designator: Old Designator=R? New Designator=R301
Change Component Designator: Old Designator=R? New Designator=R305
Change Component Designator: Old Designator=R? New Designator=R306
Change Component Designator: Old Designator=R? New Designator=R307
Change Component Designator: Old Designator=R? New Designator=R309
Change Component Designator: Old Designator=R? New Designator=R311
Change Component Designator: Old Designator=SW301 New Designator=SW302
Change Component Designator: Old Designator=SW? New Designator=SW301
Change Component Designator: Old Designator=U302 New Designator=U304
Change Component Designator: Old Designator=U? New Designator=U302
Change Component Designator: Old Designator=VBAT_POS New Designator=VBAT_POS300
